<?xml version="1.0" encoding="UTF-8"?>
<!-- Generated by org.testng.reporters.JUnitReportReporter -->
<testsuite hostname="LAPTOP-57BCUQ1F" failures="0" tests="1" name="testBase.TestSetup" time="0.008" errors="0" timestamp="2023-11-16T22:54:42 IST" skipped="0">
  <testcase classname="testBase.TestSetup" name="f" time="0.008"/>
  <system-out/>
</testsuite> <!-- testBase.TestSetup -->
