<?xml version="1.0" encoding="UTF-8"?>
<!-- Generated by org.testng.reporters.JUnitReportReporter -->
<testsuite hostname="LAPTOP-57BCUQ1F" failures="0" tests="1" name="seleniumTestPract.NewTest" time="0.011" errors="0" timestamp="2023-10-21T20:49:06 IST" skipped="0">
  <testcase classname="seleniumTestPract.NewTest" name="f" time="0.011"/>
  <system-out/>
</testsuite> <!-- seleniumTestPract.NewTest -->
